2023-11-26T07:50:40+00:00 CRITICAL Uncaught Error: Call to a member function get() on null in C:\wamp\www\CMS_ST3_NHOM4\wordpress\wp-content\plugins\woocommerce\includes\wc-notice-functions.php:140
Stack trace:
#0 C:\wamp\www\CMS_ST3_NHOM4\wordpress\wp-content\plugins\yith-woocommerce-wishlist\includes\class-yith-wcwl-frontend.php(474): wc_print_notices()
#1 C:\wamp\www\CMS_ST3_NHOM4\wordpress\wp-includes\class-wp-hook.php(324): YITH_WCWL_Frontend->print_notices(false)
#2 C:\wamp\www\CMS_ST3_NHOM4\wordpress\wp-includes\class-wp-hook.php(348): WP_Hook->apply_filters('', Array)
#3 C:\wamp\www\CMS_ST3_NHOM4\wordpress\wp-includes\plugin.php(517): WP_Hook->do_action(Array)
#4 C:\wamp\www\CMS_ST3_NHOM4\wordpress\wp-content\plugins\yith-woocommerce-wishlist\templates\wishlist-view-header.php(54): do_action('yith_wcwl_befor...', false)
#5 C:\wamp\www\CMS_ST3_NHOM4\wordpress\wp-content\plugins\yith-woocommerce-wishlist\includes\functions-yith-wcwl.php(170): include('C:\\wamp\\www\\CMS...')
#6 C:\wamp\www\CMS_ST3_NHOM4\wordpress\wp-content\plugins\yith- in C:\wamp\www\CMS_ST3_NHOM4\wordpress\wp-content\plugins\woocommerce\includes\wc-notice-functions.php on line 140

2023-11-26T08:27:03+00:00 CRITICAL syntax error, unexpected end of file in C:\wamp\www\CMS_ST3_NHOM4\wordpress\wp-content\themes\fictional-university\functions.php on line 118

2023-11-26T08:27:15+00:00 CRITICAL syntax error, unexpected end of file in C:\wamp\www\CMS_ST3_NHOM4\wordpress\wp-content\themes\fictional-university\functions.php on line 118

2023-11-26T12:27:07+00:00 CRITICAL Uncaught Error: Call to a member function get() on null in C:\wamp\www\CMS_ST3_NHOM4\wordpress\wp-content\plugins\woocommerce\includes\wc-notice-functions.php:140
Stack trace:
#0 C:\wamp\www\CMS_ST3_NHOM4\wordpress\wp-content\plugins\yith-woocommerce-wishlist\includes\class-yith-wcwl-frontend.php(474): wc_print_notices()
#1 C:\wamp\www\CMS_ST3_NHOM4\wordpress\wp-includes\class-wp-hook.php(324): YITH_WCWL_Frontend->print_notices(Object(YITH_WCWL_Wishlist))
#2 C:\wamp\www\CMS_ST3_NHOM4\wordpress\wp-includes\class-wp-hook.php(348): WP_Hook->apply_filters('', Array)
#3 C:\wamp\www\CMS_ST3_NHOM4\wordpress\wp-includes\plugin.php(517): WP_Hook->do_action(Array)
#4 C:\wamp\www\CMS_ST3_NHOM4\wordpress\wp-content\plugins\yith-woocommerce-wishlist\templates\wishlist-view-header.php(54): do_action('yith_wcwl_befor...', Object(YITH_WCWL_Wishlist))
#5 C:\wamp\www\CMS_ST3_NHOM4\wordpress\wp-content\plugins\yith-woocommerce-wishlist\includes\functions-yith-wcwl.php(170): include('C:\\wamp\\www\\CMS...')
#6 C:\wamp\www\CMS_ST in C:\wamp\www\CMS_ST3_NHOM4\wordpress\wp-content\plugins\woocommerce\includes\wc-notice-functions.php on line 140

2023-11-26T12:27:18+00:00 CRITICAL Uncaught Error: Call to a member function get() on null in C:\wamp\www\CMS_ST3_NHOM4\wordpress\wp-content\plugins\woocommerce\includes\wc-notice-functions.php:140
Stack trace:
#0 C:\wamp\www\CMS_ST3_NHOM4\wordpress\wp-content\plugins\yith-woocommerce-wishlist\includes\class-yith-wcwl-frontend.php(474): wc_print_notices()
#1 C:\wamp\www\CMS_ST3_NHOM4\wordpress\wp-includes\class-wp-hook.php(324): YITH_WCWL_Frontend->print_notices(Object(YITH_WCWL_Wishlist))
#2 C:\wamp\www\CMS_ST3_NHOM4\wordpress\wp-includes\class-wp-hook.php(348): WP_Hook->apply_filters('', Array)
#3 C:\wamp\www\CMS_ST3_NHOM4\wordpress\wp-includes\plugin.php(517): WP_Hook->do_action(Array)
#4 C:\wamp\www\CMS_ST3_NHOM4\wordpress\wp-content\plugins\yith-woocommerce-wishlist\templates\wishlist-view-header.php(54): do_action('yith_wcwl_befor...', Object(YITH_WCWL_Wishlist))
#5 C:\wamp\www\CMS_ST3_NHOM4\wordpress\wp-content\plugins\yith-woocommerce-wishlist\includes\functions-yith-wcwl.php(170): include('C:\\wamp\\www\\CMS...')
#6 C:\wamp\www\CMS_ST in C:\wamp\www\CMS_ST3_NHOM4\wordpress\wp-content\plugins\woocommerce\includes\wc-notice-functions.php on line 140

